This is pdfTeX, Version 3.14159265-2.6-1.40.21 (TeX Live 2020) (preloaded format=pdflatex 2020.9.23)  27 NOV 2020 16:33
entering extended mode
 restricted \write18 enabled.
 file:line:error style messages enabled.
 %&-line parsing enabled.
**/Users/happys/Desktop/project/AI/AI_project_of_CS/paper/paper.tex
(/Users/happys/Desktop/project/AI/AI_project_of_CS/paper/paper.tex
LaTeX2e <2020-02-02> patch level 5
L3 programming layer <2020-03-06> (/usr/local/texlive/2020/texmf-dist/tex/latex/base/article.cls
Document Class: article 2019/12/20 v1.4l Standard LaTeX document class
(/usr/local/texlive/2020/texmf-dist/tex/latex/base/size10.clo
File: size10.clo 2019/12/20 v1.4l Standard LaTeX file (size option)
)
\c@part=\count167
\c@section=\count168
\c@subsection=\count169
\c@subsubsection=\count170
\c@paragraph=\count171
\c@subparagraph=\count172
\c@figure=\count173
\c@table=\count174
\abovecaptionskip=\skip47
\belowcaptionskip=\skip48
\bibindent=\dimen134
) (/usr/local/texlive/2020/texmf-dist/tex/latex/ctex/ctex.sty (/usr/local/texlive/2020/texmf-dist/tex/latex/l3kernel/expl3.sty
Package: expl3 2020-03-06 L3 programming layer (loader) 
 (/usr/local/texlive/2020/texmf-dist/tex/latex/l3backend/l3backend-pdfmode.def
File: l3backend-pdfmode.def 2020-03-12 L3 backend support: PDF mode
\l__kernel_color_stack_int=\count175
\l__pdf_internal_box=\box45
))
Package: ctex 2019/05/29 v2.4.16 Chinese adapter in LaTeX (CTEX)
 (/usr/local/texlive/2020/texmf-dist/tex/latex/l3packages/xparse/xparse.sty
Package: xparse 2020-03-06 L3 Experimental document command parser
\l__xparse_current_arg_int=\count176
\g__xparse_grabber_int=\count177
\l__xparse_m_args_int=\count178
\l__xparse_v_nesting_int=\count179
) (/usr/local/texlive/2020/texmf-dist/tex/latex/l3packages/l3keys2e/l3keys2e.sty
Package: l3keys2e 2020-03-06 LaTeX2e option processing using LaTeX3 keys
) (/usr/local/texlive/2020/texmf-dist/tex/latex/ctex/ctexhook.sty
Package: ctexhook 2019/05/29 v2.4.16 Document and package hooks (CTEX)
) (/usr/local/texlive/2020/texmf-dist/tex/latex/ctex/ctexpatch.sty
Package: ctexpatch 2019/05/29 v2.4.16 Patching commands (CTEX)
) (/usr/local/texlive/2020/texmf-dist/tex/latex/base/fix-cm.sty
Package: fix-cm 2015/01/14 v1.1t fixes to LaTeX
 (/usr/local/texlive/2020/texmf-dist/tex/latex/base/ts1enc.def
File: ts1enc.def 2001/06/05 v3.0e (jk/car/fm) Standard LaTeX file
LaTeX Font Info:    Redeclaring font encoding TS1 on input line 47.
)) (/usr/local/texlive/2020/texmf-dist/tex/latex/ms/everysel.sty
Package: everysel 2011/10/28 v1.2 EverySelectfont Package (MS)
)
\l__ctex_tmp_int=\count180
\l__ctex_tmp_box=\box46
\l__ctex_tmp_dim=\dimen135
\g__ctex_section_depth_int=\count181
\g__ctex_font_size_int=\count182
 (/usr/local/texlive/2020/texmf-dist/tex/latex/ctex/config/ctexopts.cfg
File: ctexopts.cfg 2019/05/29 v2.4.16 Option configuration file (CTEX)
) (/usr/local/texlive/2020/texmf-dist/tex/latex/ctex/engine/ctex-engine-pdftex.def
File: ctex-engine-pdftex.def 2019/05/29 v2.4.16 (pdf)LaTeX adapter (CTEX)
 (/usr/local/texlive/2020/texmf-dist/tex/latex/cjk/texinput/CJK.sty
Package: CJK 2015/04/18 4.8.4
 (/usr/local/texlive/2020/texmf-dist/tex/latex/cjk/texinput/mule/MULEenc.sty
Package: MULEenc 2015/04/18 4.8.4
) (/usr/local/texlive/2020/texmf-dist/tex/latex/cjk/texinput/CJK.enc
File: CJK.enc 2015/04/18 4.8.4
Now handling font encoding C00 ...
... no UTF-8 mapping file for font encoding C00
Now handling font encoding C05 ...
... no UTF-8 mapping file for font encoding C05
Now handling font encoding C09 ...
... no UTF-8 mapping file for font encoding C09
Now handling font encoding C10 ...
... no UTF-8 mapping file for font encoding C10
Now handling font encoding C20 ...
... no UTF-8 mapping file for font encoding C20
Now handling font encoding C19 ...
... no UTF-8 mapping file for font encoding C19
Now handling font encoding C40 ...
... no UTF-8 mapping file for font encoding C40
Now handling font encoding C42 ...
... no UTF-8 mapping file for font encoding C42
Now handling font encoding C43 ...
... no UTF-8 mapping file for font encoding C43
Now handling font encoding C50 ...
... no UTF-8 mapping file for font encoding C50
Now handling font encoding C52 ...
... no UTF-8 mapping file for font encoding C52
Now handling font encoding C49 ...
... no UTF-8 mapping file for font encoding C49
Now handling font encoding C60 ...
... no UTF-8 mapping file for font encoding C60
Now handling font encoding C61 ...
... no UTF-8 mapping file for font encoding C61
Now handling font encoding C63 ...
... no UTF-8 mapping file for font encoding C63
Now handling font encoding C64 ...
... no UTF-8 mapping file for font encoding C64
Now handling font encoding C65 ...
... no UTF-8 mapping file for font encoding C65
Now handling font encoding C70 ...
... no UTF-8 mapping file for font encoding C70
Now handling font encoding C31 ...
... no UTF-8 mapping file for font encoding C31
Now handling font encoding C32 ...
... no UTF-8 mapping file for font encoding C32
Now handling font encoding C33 ...
... no UTF-8 mapping file for font encoding C33
Now handling font encoding C34 ...
... no UTF-8 mapping file for font encoding C34
Now handling font encoding C35 ...
... no UTF-8 mapping file for font encoding C35
Now handling font encoding C36 ...
... no UTF-8 mapping file for font encoding C36
Now handling font encoding C37 ...
... no UTF-8 mapping file for font encoding C37
Now handling font encoding C80 ...
... no UTF-8 mapping file for font encoding C80
Now handling font encoding C81 ...
... no UTF-8 mapping file for font encoding C81
Now handling font encoding C01 ...
... no UTF-8 mapping file for font encoding C01
Now handling font encoding C11 ...
... no UTF-8 mapping file for font encoding C11
Now handling font encoding C21 ...
... no UTF-8 mapping file for font encoding C21
Now handling font encoding C41 ...
... no UTF-8 mapping file for font encoding C41
Now handling font encoding C62 ...
... no UTF-8 mapping file for font encoding C62
)
LaTeX Info: Redefining \selectfont on input line 755.
\CJK@indent=\box47
) (/usr/local/texlive/2020/texmf-dist/tex/latex/cjkpunct/CJKpunct.sty
Package: CJKpunct 2016/05/14 4.8.4
\CJKpunct@cnta=\count183
\CJKpunct@cntb=\count184
\CJKpunct@cntc=\count185
\CJKpunct@cntd=\count186
\CJKpunct@cnte=\count187
   defining Unicode char U+2018 (decimal 8216)
   defining Unicode char U+2019 (decimal 8217)
   defining Unicode char U+201C (decimal 8220)
   defining Unicode char U+201D (decimal 8221)
   defining Unicode char U+2014 (decimal 8212)
   defining Unicode char U+2026 (decimal 8230)
 (/usr/local/texlive/2020/texmf-dist/tex/latex/cjkpunct/CJKpunct.spa)) (/usr/local/texlive/2020/texmf-dist/tex/latex/cjk/texinput/CJKspace.sty
Package: CJKspace 2015/04/18 3.8.0
) (/usr/local/texlive/2020/texmf-dist/tex/latex/cjk/texinput/standard.bdg
File: standard.bdg 2015/04/18 4.8.4
) (/usr/local/texlive/2020/texmf-dist/tex/latex/ctex/ctexspa.def
File: ctexspa.def 2019/05/29 v2.4.16 Space info for CJKpunct (CTEX)
) (/usr/local/texlive/2020/texmf-dist/tex/latex/cjk/texinput/CJKfntef.sty
Package: CJKfntef 2015/04/18 4.8.4
 (/usr/local/texlive/2020/texmf-dist/tex/latex/cjk/texinput/CJKulem.sty
Package: CJKulem 2015/04/18 4.8.4
 (/usr/local/texlive/2020/texmf-dist/tex/generic/ulem/ulem.sty
\UL@box=\box48
\UL@hyphenbox=\box49
\UL@skip=\skip49
\UL@hook=\toks15
\UL@height=\dimen136
\UL@pe=\count188
\UL@pixel=\dimen137
\ULC@box=\box50
Package: ulem 2019/11/18
\ULdepth=\dimen138
)
\UL@lastkern=\dimen139
\CJK@skip=\skip50
)
\CJK@fntefSkip=\skip51
\CJK@nest=\count189
\CJK@fntefDimen=\dimen140
\CJK@underdotBox=\box51
\CJK@ULbox=\box52
\CJK@underanyskip=\dimen141
)
\ccwd=\dimen142
\l__ctex_ccglue_skip=\skip52
)
\l__ctex_ziju_dim=\dimen143
 (/usr/local/texlive/2020/texmf-dist/tex/latex/zhnumber/zhnumber.sty
Package: zhnumber 2019/04/07 v2.7 Typesetting numbers with Chinese glyphs
\l__zhnum_scale_int=\count190
\l__zhnum_byte_min_int=\count191
\l__zhnum_byte_max_int=\count192
 (/usr/local/texlive/2020/texmf-dist/tex/latex/zhnumber/zhnumber-gbk.cfg
File: zhnumber-gbk.cfg 2019/04/07 v2.7 Chinese numerals with GBK encoding
)) (/usr/local/texlive/2020/texmf-dist/tex/latex/ctex/scheme/ctex-scheme-chinese.def
File: ctex-scheme-chinese.def 2019/05/29 v2.4.16 Chinese scheme for generic (CTEX)
 (/usr/local/texlive/2020/texmf-dist/tex/latex/ctex/config/ctex-name-gbk.cfg
File: ctex-name-gbk.cfg 2019/05/29 v2.4.16 Caption with encoding GBK (CTEX)
)) (/usr/local/texlive/2020/texmf-dist/tex/latex/tools/indentfirst.sty
Package: indentfirst 1995/11/23 v1.03 Indent first paragraph (DPC)
) (/usr/local/texlive/2020/texmf-dist/tex/latex/ctex/ctex-c5size.clo
File: ctex-c5size.clo 2019/05/29 v2.4.16 c5size option (CTEX)
) (/usr/local/texlive/2020/texmf-dist/tex/latex/ctex/fontset/ctex-fontset-fandol.def
File: ctex-fontset-fandol.def 2019/05/29 v2.4.16 Fandol fonts definition (CTEX)


/usr/local/texlive/2020/texmf-dist/tex/latex/ctex/fontset/ctex-fontset-fandol.def:113: Critical Package ctex Error: CTeX fontset `fandol' is unavailable in current
(ctex)                         mode.

Type <return> to continue.
 ...                                              
                                                  
l.113   }
         

LaTeX does not know anything more about this error, sorry.

Try typing <return> to proceed.
If that doesn't work, type X <return> to quit.

Reading the current file 'ctex-fontset-fandol' will stop.


)) (/usr/local/texlive/2020/texmf-dist/tex/latex/ctex/config/ctex.cfg
File: ctex.cfg 2019/05/29 v2.4.16 Configuration file (CTEX)
) (/usr/local/texlive/2020/texmf-dist/tex/latex/tools/multicol.sty
Package: multicol 2019/12/09 v1.8y multicolumn formatting (FMi)
\c@tracingmulticols=\count193
\mult@box=\box53
\multicol@leftmargin=\dimen144
\c@unbalance=\count194
\c@collectmore=\count195
\doublecol@number=\count196
\multicoltolerance=\count197
\multicolpretolerance=\count198
\full@width=\dimen145
\page@free=\dimen146
\premulticols=\dimen147
\postmulticols=\dimen148
\multicolsep=\skip53
\multicolbaselineskip=\skip54
\partial@page=\box54
\last@line=\box55
\maxbalancingoverflow=\dimen149
\mult@rightbox=\box56
\mult@grightbox=\box57
\mult@gfirstbox=\box58
\mult@firstbox=\box59
\@tempa=\box60
\@tempa=\box61
\@tempa=\box62
\@tempa=\box63
\@tempa=\box64
\@tempa=\box65
\@tempa=\box66
\@tempa=\box67
\@tempa=\box68
\@tempa=\box69
\@tempa=\box70
\@tempa=\box71
\@tempa=\box72
\@tempa=\box73
\@tempa=\box74
\@tempa=\box75
\@tempa=\box76
\@tempa=\box77
\@tempa=\box78
\@tempa=\box79
\@tempa=\box80
\@tempa=\box81
\@tempa=\box82
\@tempa=\box83
\@tempa=\box84
\@tempa=\box85
\@tempa=\box86
\@tempa=\box87
\@tempa=\box88
\@tempa=\box89
\@tempa=\box90
\@tempa=\box91
\@tempa=\box92
\@tempa=\box93
\@tempa=\box94
\@tempa=\box95
\@tempa=\box96
\c@minrows=\count199
\c@columnbadness=\count266
\c@finalcolumnbadness=\count267
\last@try=\dimen150
\multicolovershoot=\dimen151
\multicolundershoot=\dimen152
\mult@nat@firstbox=\box97
\colbreak@box=\box98
\mc@col@check@num=\count268
) (/usr/local/texlive/2020/texmf-dist/tex/latex/fancyhdr/fancyhdr.sty
Package: fancyhdr 2019/01/31 v3.10 Extensive control of page headers and footers
\f@nch@headwidth=\skip55
\f@nch@O@elh=\skip56
\f@nch@O@erh=\skip57
\f@nch@O@olh=\skip58
\f@nch@O@orh=\skip59
\f@nch@O@elf=\skip60
\f@nch@O@erf=\skip61
\f@nch@O@olf=\skip62
\f@nch@O@orf=\skip63
) (/usr/local/texlive/2020/texmf-dist/tex/latex/graphics/color.sty
Package: color 2019/11/23 v1.2a Standard LaTeX Color (DPC)
 (/usr/local/texlive/2020/texmf-dist/tex/latex/graphics-cfg/color.cfg
File: color.cfg 2016/01/02 v1.6 sample color configuration
)
Package color Info: Driver file: pdftex.def on input line 147.
 (/usr/local/texlive/2020/texmf-dist/tex/latex/graphics-def/pdftex.def
File: pdftex.def 2018/01/08 v1.0l Graphics/color driver for pdftex
)) (/usr/local/texlive/2020/texmf-dist/tex/latex/amsmath/amsmath.sty
Package: amsmath 2020/01/20 v2.17e AMS math features
\@mathmargin=\skip64

For additional information on amsmath, use the `?' option.
(/usr/local/texlive/2020/texmf-dist/tex/latex/amsmath/amstext.sty
Package: amstext 2000/06/29 v2.01 AMS text
 (/usr/local/texlive/2020/texmf-dist/tex/latex/amsmath/amsgen.sty
File: amsgen.sty 1999/11/30 v2.0 generic functions
\@emptytoks=\toks16
\ex@=\dimen153
)) (/usr/local/texlive/2020/texmf-dist/tex/latex/amsmath/amsbsy.sty
Package: amsbsy 1999/11/29 v1.2d Bold Symbols
\pmbraise@=\dimen154
) (/usr/local/texlive/2020/texmf-dist/tex/latex/amsmath/amsopn.sty
Package: amsopn 2016/03/08 v2.02 operator names
)
\inf@bad=\count269
LaTeX Info: Redefining \frac on input line 227.
\uproot@=\count270
\leftroot@=\count271
LaTeX Info: Redefining \overline on input line 389.
\classnum@=\count272
\DOTSCASE@=\count273
LaTeX Info: Redefining \ldots on input line 486.
LaTeX Info: Redefining \dots on input line 489.
LaTeX Info: Redefining \cdots on input line 610.
\Mathstrutbox@=\box99
\strutbox@=\box100
\big@size=\dimen155
LaTeX Font Info:    Redeclaring font encoding OML on input line 733.
LaTeX Font Info:    Redeclaring font encoding OMS on input line 734.
\macc@depth=\count274
\c@MaxMatrixCols=\count275
\dotsspace@=\muskip16
\c@parentequation=\count276
\dspbrk@lvl=\count277
\tag@help=\toks17
\row@=\count278
\column@=\count279
\maxfields@=\count280
\andhelp@=\toks18
\eqnshift@=\dimen156
\alignsep@=\dimen157
\tagshift@=\dimen158
\tagwidth@=\dimen159
\totwidth@=\dimen160
\lineht@=\dimen161
\@envbody=\toks19
\multlinegap=\skip65
\multlinetaggap=\skip66
\mathdisplay@stack=\toks20
LaTeX Info: Redefining \[ on input line 2859.
LaTeX Info: Redefining \] on input line 2860.
) (/usr/local/texlive/2020/texmf-dist/tex/latex/graphics/graphicx.sty
Package: graphicx 2019/11/30 v1.2a Enhanced LaTeX Graphics (DPC,SPQR)
 (/usr/local/texlive/2020/texmf-dist/tex/latex/graphics/keyval.sty
Package: keyval 2014/10/28 v1.15 key=value parser (DPC)
\KV@toks@=\toks21
) (/usr/local/texlive/2020/texmf-dist/tex/latex/graphics/graphics.sty
Package: graphics 2019/11/30 v1.4a Standard LaTeX Graphics (DPC,SPQR)
 (/usr/local/texlive/2020/texmf-dist/tex/latex/graphics/trig.sty
Package: trig 2016/01/03 v1.10 sin cos tan (DPC)
) (/usr/local/texlive/2020/texmf-dist/tex/latex/graphics-cfg/graphics.cfg
File: graphics.cfg 2016/06/04 v1.11 sample graphics configuration
)
Package graphics Info: Driver file: pdftex.def on input line 105.
)
\Gin@req@height=\dimen162
\Gin@req@width=\dimen163
) (/usr/local/texlive/2020/texmf-dist/tex/latex/algorithms/algorithm.sty
Package: algorithm 2009/08/24 v0.1 Document Style `algorithm' - floating environment
 (/usr/local/texlive/2020/texmf-dist/tex/latex/float/float.sty
Package: float 2001/11/08 v1.3d Float enhancements (AL)
\c@float@type=\count281
\float@exts=\toks22
\float@box=\box101
\@float@everytoks=\toks23
\@floatcapt=\box102
) (/usr/local/texlive/2020/texmf-dist/tex/latex/base/ifthen.sty
Package: ifthen 2014/09/29 v1.1c Standard LaTeX ifthen package (DPC)
)
\@float@every@algorithm=\toks24
\c@algorithm=\count282
) (/usr/local/texlive/2020/texmf-dist/tex/latex/algorithms/algorithmic.sty
Package: algorithmic 2009/08/24 v0.1 Document Style `algorithmic'
\c@ALC@unique=\count283
\c@ALC@line=\count284
\c@ALC@rem=\count285
\c@ALC@depth=\count286
\ALC@tlm=\skip67
\algorithmicindent=\skip68
) (/usr/local/texlive/2020/texmf-dist/tex/latex/setspace/setspace.sty
Package: setspace 2011/12/19 v6.7a set line spacing
) (/usr/local/texlive/2020/texmf-dist/tex/latex/cjk/texinput/extended.enc
File: extended.enc 2015/04/18 4.8.4
) (/usr/local/texlive/2020/texmf-dist/tex/latex/cjk/texinput/extended.chr
File: extended.chr 2015/04/18 4.8.4
) (/Users/happys/Desktop/project/AI/AI_project_of_CS/paper/paper.aux)
\openout1 = `paper.aux'.

LaTeX Font Info:    Checking defaults for OML/cmm/m/it on input line 19.
LaTeX Font Info:    ... okay on input line 19.
LaTeX Font Info:    Checking defaults for OMS/cmsy/m/n on input line 19.
LaTeX Font Info:    ... okay on input line 19.
LaTeX Font Info:    Checking defaults for OT1/cmr/m/n on input line 19.
LaTeX Font Info:    ... okay on input line 19.
LaTeX Font Info:    Checking defaults for T1/cmr/m/n on input line 19.
LaTeX Font Info:    ... okay on input line 19.
LaTeX Font Info:    Checking defaults for TS1/cmr/m/n on input line 19.
LaTeX Font Info:    ... okay on input line 19.
LaTeX Font Info:    Checking defaults for OMX/cmex/m/n on input line 19.
LaTeX Font Info:    ... okay on input line 19.
LaTeX Font Info:    Checking defaults for U/cmr/m/n on input line 19.
LaTeX Font Info:    ... okay on input line 19.
LaTeX Font Info:    Checking defaults for C00/song/m/n on input line 19.
LaTeX Font Info:    ... okay on input line 19.
LaTeX Font Info:    Checking defaults for C05/song/m/n on input line 19.
LaTeX Font Info:    ... okay on input line 19.
LaTeX Font Info:    Checking defaults for C09/song/m/n on input line 19.
LaTeX Font Info:    ... okay on input line 19.
LaTeX Font Info:    Checking defaults for C10/song/m/n on input line 19.
LaTeX Font Info:    ... okay on input line 19.
LaTeX Font Info:    Checking defaults for C20/song/m/n on input line 19.
LaTeX Font Info:    ... okay on input line 19.
LaTeX Font Info:    Checking defaults for C19/song/m/n on input line 19.
LaTeX Font Info:    ... okay on input line 19.
LaTeX Font Info:    Checking defaults for C40/song/m/n on input line 19.
LaTeX Font Info:    ... okay on input line 19.
LaTeX Font Info:    Checking defaults for C42/song/m/n on input line 19.
LaTeX Font Info:    ... okay on input line 19.
LaTeX Font Info:    Checking defaults for C43/song/m/n on input line 19.
LaTeX Font Info:    ... okay on input line 19.
LaTeX Font Info:    Checking defaults for C50/song/m/n on input line 19.
LaTeX Font Info:    ... okay on input line 19.
LaTeX Font Info:    Checking defaults for C52/song/m/n on input line 19.
LaTeX Font Info:    ... okay on input line 19.
LaTeX Font Info:    Checking defaults for C49/song/m/n on input line 19.
LaTeX Font Info:    ... okay on input line 19.
LaTeX Font Info:    Checking defaults for C60/mj/m/n on input line 19.
LaTeX Font Info:    ... okay on input line 19.
LaTeX Font Info:    Checking defaults for C61/mj/m/n on input line 19.
LaTeX Font Info:    ... okay on input line 19.
LaTeX Font Info:    Checking defaults for C63/mj/m/n on input line 19.
LaTeX Font Info:    ... okay on input line 19.
LaTeX Font Info:    Checking defaults for C64/mj/m/n on input line 19.
LaTeX Font Info:    ... okay on input line 19.
LaTeX Font Info:    Checking defaults for C65/mj/m/n on input line 19.
LaTeX Font Info:    ... okay on input line 19.
LaTeX Font Info:    Checking defaults for C70/song/m/n on input line 19.
LaTeX Font Info:    ... okay on input line 19.
LaTeX Font Info:    Checking defaults for C31/song/m/n on input line 19.
LaTeX Font Info:    ... okay on input line 19.
LaTeX Font Info:    Checking defaults for C32/song/m/n on input line 19.
LaTeX Font Info:    ... okay on input line 19.
LaTeX Font Info:    Checking defaults for C33/song/m/n on input line 19.
LaTeX Font Info:    ... okay on input line 19.
LaTeX Font Info:    Checking defaults for C34/song/m/n on input line 19.
LaTeX Font Info:    ... okay on input line 19.
LaTeX Font Info:    Checking defaults for C35/song/m/n on input line 19.
LaTeX Font Info:    ... okay on input line 19.
LaTeX Font Info:    Checking defaults for C36/song/m/n on input line 19.
LaTeX Font Info:    ... okay on input line 19.
LaTeX Font Info:    Checking defaults for C37/song/m/n on input line 19.
LaTeX Font Info:    ... okay on input line 19.
LaTeX Font Info:    Checking defaults for C80/song/m/n on input line 19.
LaTeX Font Info:    ... okay on input line 19.
LaTeX Font Info:    Checking defaults for C81/song/m/n on input line 19.
LaTeX Font Info:    ... okay on input line 19.
LaTeX Font Info:    Checking defaults for C01/song/m/n on input line 19.
LaTeX Font Info:    ... okay on input line 19.
LaTeX Font Info:    Checking defaults for C11/song/m/n on input line 19.
LaTeX Font Info:    ... okay on input line 19.
LaTeX Font Info:    Checking defaults for C21/song/m/n on input line 19.
LaTeX Font Info:    ... okay on input line 19.
LaTeX Font Info:    Checking defaults for C41/song/m/n on input line 19.
LaTeX Font Info:    ... okay on input line 19.
LaTeX Font Info:    Checking defaults for C62/song/m/n on input line 19.
LaTeX Font Info:    ... okay on input line 19.
 ABD: EverySelectfont initializing macros
LaTeX Info: Redefining \selectfont on input line 19.
 (/usr/local/texlive/2020/texmf-dist/tex/context/base/mkii/supp-pdf.mkii
[Loading MPS to PDF converter (version 2006.09.02).]
\scratchcounter=\count287
\scratchdimen=\dimen164
\scratchbox=\box103
\nofMPsegments=\count288
\nofMParguments=\count289
\everyMPshowfont=\toks25
\MPscratchCnt=\count290
\MPscratchDim=\dimen165
\MPnumerator=\count291
\makeMPintoPDFobject=\count292
\everyMPtoPDFconversion=\toks26
) (/usr/local/texlive/2020/texmf-dist/tex/latex/epstopdf-pkg/epstopdf-base.sty
Package: epstopdf-base 2020-01-24 v2.11 Base part for package epstopdf
Package epstopdf-base Info: Redefining graphics rule for `.eps' on input line 485.
 (/usr/local/texlive/2020/texmf-dist/tex/latex/latexconfig/epstopdf-sys.cfg
File: epstopdf-sys.cfg 2010/07/13 v1.3 Configuration of (r)epstopdf for TeX Live
))
/Users/happys/Desktop/project/AI/AI_project_of_CS/paper/paper.tex:20: Undefined control sequence.
\@title ->\heiti 
                 \Large 我的五子棋AI果然有问题
l.20 \maketitle
               %标题
The control sequence at the end of the top line
of your error message was never \def'ed. If you have
misspelled it (e.g., `\hobx'), type `I' and the correct
spelling (e.g., `I\hbox'). Otherwise just continue,
and I'll forget about whatever was undefined.

LaTeX Font Info:    Trying to load font information for C19+song on input line 20.
(/usr/local/texlive/2020/texmf-dist/tex/latex/cjk/texinput/GB/c19song.fd
File: c19song.fd 2015/04/18 4.8.4
)<<c1976.cmap>><<c1913.cmap>><<c1919.cmap>><<c1974.cmap>><<c1915.cmap>><<c1933.cmap>><<c1908.cmap>><<c1921.cmap>><<c1903.cmap>><<c1907.cmap>><<c1917.cmap>><<c1978.cmap>>
Runaway argument?
/Users/happys/Desktop/project/AI/AI_project_of_CS/paper/paper.tex:20: Paragraph ended before \CJK@XX was complete.
<to be read again> 
                   \par 
l.20 \maketitle
               %标题
I suspect you've forgotten a `}', causing me to apply this
control sequence to too much text. How can we recover?
My plan is to forget the whole thing and hope for the best.

/Users/happys/Desktop/project/AI/AI_project_of_CS/paper/paper.tex:20: Undefined control sequence.
\@author ->\songti 
                   \small 韩梓辰\ 夏星晨\ 周贤玮\ 赵云龙\ 张坤龙
l.20 \maketitle
               %标题
The control sequence at the end of the top line
of your error message was never \def'ed. If you have
misspelled it (e.g., `\hobx'), type `I' and the correct
spelling (e.g., `I\hbox'). Otherwise just continue,
and I'll forget about whatever was undefined.

<<c1931.cmap>><<c1925.cmap>>
Package CJKpunct Info: punctuation spaces for family 'song' do not exist. Use family 'def' instead. on input line 20.
<<c1977.cmap>>

/Users/happys/Desktop/project/AI/AI_project_of_CS/paper/paper.tex:20: Package CJK Error: Invalid character code.

See the CJK package documentation for explanation.
Type  H <return>  for immediate help.
 ...                                              
                                                  
l.20 \maketitle
               %标题
The second byte of the CJK code is out of range.
Do you use the right encoding scheme?

<<c1975.cmap>><<c1912.cmap>><<c1918.cmap>>

/Users/happys/Desktop/project/AI/AI_project_of_CS/paper/paper.tex:20: Package CJK Error: Invalid character code.

See the CJK package documentation for explanation.
Type  H <return>  for immediate help.
 ...                                              
                                                  
l.20 \maketitle
               %标题
The second byte of the CJK code is out of range.
Do you use the right encoding scheme?

<<c1930.cmap>><<c1939.cmap>>

/Users/happys/Desktop/project/AI/AI_project_of_CS/paper/paper.tex:20: Package CJK Error: Invalid character code.

See the CJK package documentation for explanation.
Type  H <return>  for immediate help.
 ...                                              
                                                  
l.20 \maketitle
               %标题
The second byte of the CJK code is out of range.
Do you use the right encoding scheme?

<<c1940.cmap>><<c1943.cmap>>

/Users/happys/Desktop/project/AI/AI_project_of_CS/paper/paper.tex:20: Package CJK Error: Invalid character code.

See the CJK package documentation for explanation.
Type  H <return>  for immediate help.
 ...                                              
                                                  
l.20 \maketitle
               %标题
The second byte of the CJK code is out of range.
Do you use the right encoding scheme?

<<c1924.cmap>><<c1922.cmap>>
/Users/happys/Desktop/project/AI/AI_project_of_CS/paper/paper.tex:20: Improper alphabetic constant.
<to be read again> 
                   \end 
l.20 \maketitle
               %标题
A one-character control sequence belongs after a ` mark.
So I'm essentially inserting \0 here.

/Users/happys/Desktop/project/AI/AI_project_of_CS/paper/paper.tex:20: Missing = inserted for \ifnum.
<to be read again> 
                   \end< 
l.20 \maketitle
               %标题
I was expecting to see `<', `=', or `>'. Didn't.

/Users/happys/Desktop/project/AI/AI_project_of_CS/paper/paper.tex:20: Missing number, treated as zero.
<to be read again> 
                   \end< 
l.20 \maketitle
               %标题
A number should have been here; I inserted `0'.
(If you can't figure out why I needed to see a number,
look up `weird error' in the index to The TeXbook.)

/Users/happys/Desktop/project/AI/AI_project_of_CS/paper/paper.tex:20: Improper alphabetic constant.
<to be read again> 
                   \end 
l.20 \maketitle
               %标题
A one-character control sequence belongs after a ` mark.
So I'm essentially inserting \0 here.

/Users/happys/Desktop/project/AI/AI_project_of_CS/paper/paper.tex:20: Missing = inserted for \ifnum.
<to be read again> 
                   \end> 
l.20 \maketitle
               %标题
I was expecting to see `<', `=', or `>'. Didn't.

/Users/happys/Desktop/project/AI/AI_project_of_CS/paper/paper.tex:20: Missing number, treated as zero.
<to be read again> 
                   \end> 
l.20 \maketitle
               %标题
A number should have been here; I inserted `0'.
(If you can't figure out why I needed to see a number,
look up `weird error' in the index to The TeXbook.)

/Users/happys/Desktop/project/AI/AI_project_of_CS/paper/paper.tex:20: Improper alphabetic constant.
<to be read again> 
                   \end 
l.20 \maketitle
               %标题
A one-character control sequence belongs after a ` mark.
So I'm essentially inserting \0 here.

/Users/happys/Desktop/project/AI/AI_project_of_CS/paper/paper.tex:20: Missing \endcsname inserted.
<to be read again> 
                   \relax 
l.20 \maketitle
               %标题
The control sequence marked <to be read again> should
not appear between \csname and \endcsname.

/Users/happys/Desktop/project/AI/AI_project_of_CS/paper/paper.tex:20: Missing \endcsname inserted.
<to be read again> 
                   \relax 
l.20 \maketitle
               %标题
The control sequence marked <to be read again> should
not appear between \csname and \endcsname.

/Users/happys/Desktop/project/AI/AI_project_of_CS/paper/paper.tex:20: Missing \endcsname inserted.
<to be read again> 
                   \relax 
l.20 \maketitle
               %标题
The control sequence marked <to be read again> should
not appear between \csname and \endcsname.

/Users/happys/Desktop/project/AI/AI_project_of_CS/paper/paper.tex:20: Missing \endcsname inserted.
<to be read again> 
                   \relax 
l.20 \maketitle
               %标题
The control sequence marked <to be read again> should
not appear between \csname and \endcsname.

/Users/happys/Desktop/project/AI/AI_project_of_CS/paper/paper.tex:20: Missing \endcsname inserted.
<to be read again> 
                   \relax 
l.20 \maketitle
               %标题
The control sequence marked <to be read again> should
not appear between \csname and \endcsname.

/Users/happys/Desktop/project/AI/AI_project_of_CS/paper/paper.tex:20: Missing \endcsname inserted.
<to be read again> 
                   \relax 
l.20 \maketitle
               %标题
The control sequence marked <to be read again> should
not appear between \csname and \endcsname.

/Users/happys/Desktop/project/AI/AI_project_of_CS/paper/paper.tex:20: Missing \endcsname inserted.
<to be read again> 
                   \relax 
l.20 \maketitle
               %标题
The control sequence marked <to be read again> should
not appear between \csname and \endcsname.

/Users/happys/Desktop/project/AI/AI_project_of_CS/paper/paper.tex:20: Missing \endcsname inserted.
<to be read again> 
                   \relax 
l.20 \maketitle
               %标题
The control sequence marked <to be read again> should
not appear between \csname and \endcsname.

/Users/happys/Desktop/project/AI/AI_project_of_CS/paper/paper.tex:20: Missing \endcsname inserted.
<to be read again> 
                   \relax 
l.20 \maketitle
               %标题
The control sequence marked <to be read again> should
not appear between \csname and \endcsname.

/Users/happys/Desktop/project/AI/AI_project_of_CS/paper/paper.tex:20: Missing \endcsname inserted.
<to be read again> 
                   \relax 
l.20 \maketitle
               %标题
The control sequence marked <to be read again> should
not appear between \csname and \endcsname.

/Users/happys/Desktop/project/AI/AI_project_of_CS/paper/paper.tex:20: Missing \endcsname inserted.
<to be read again> 
                   \relax 
l.20 \maketitle
               %标题
The control sequence marked <to be read again> should
not appear between \csname and \endcsname.

/Users/happys/Desktop/project/AI/AI_project_of_CS/paper/paper.tex:20: Missing \endcsname inserted.
<to be read again> 
                   \relax 
l.20 \maketitle
               %标题
The control sequence marked <to be read again> should
not appear between \csname and \endcsname.

/Users/happys/Desktop/project/AI/AI_project_of_CS/paper/paper.tex:20: Missing \endcsname inserted.
<to be read again> 
                   \relax 
l.20 \maketitle
               %标题
The control sequence marked <to be read again> should
not appear between \csname and \endcsname.

/Users/happys/Desktop/project/AI/AI_project_of_CS/paper/paper.tex:20: Missing \endcsname inserted.
<to be read again> 
                   \relax 
l.20 \maketitle
               %标题
The control sequence marked <to be read again> should
not appear between \csname and \endcsname.

/Users/happys/Desktop/project/AI/AI_project_of_CS/paper/paper.tex:20: Missing \endcsname inserted.
<to be read again> 
                   \relax 
l.20 \maketitle
               %标题
The control sequence marked <to be read again> should
not appear between \csname and \endcsname.

/Users/happys/Desktop/project/AI/AI_project_of_CS/paper/paper.tex:20: Missing \endcsname inserted.
<to be read again> 
                   \relax 
l.20 \maketitle
               %标题
The control sequence marked <to be read again> should
not appear between \csname and \endcsname.

/Users/happys/Desktop/project/AI/AI_project_of_CS/paper/paper.tex:20: Missing \endcsname inserted.
<to be read again> 
                   \relax 
l.20 \maketitle
               %标题
The control sequence marked <to be read again> should
not appear between \csname and \endcsname.

/Users/happys/Desktop/project/AI/AI_project_of_CS/paper/paper.tex:20: Missing \endcsname inserted.
<to be read again> 
                   \relax 
l.20 \maketitle
               %标题
The control sequence marked <to be read again> should
not appear between \csname and \endcsname.

/Users/happys/Desktop/project/AI/AI_project_of_CS/paper/paper.tex:20: Missing \endcsname inserted.
<to be read again> 
                   \relax 
l.20 \maketitle
               %标题
The control sequence marked <to be read again> should
not appear between \csname and \endcsname.

/Users/happys/Desktop/project/AI/AI_project_of_CS/paper/paper.tex:20: Missing \endcsname inserted.
<to be read again> 
                   \relax 
l.20 \maketitle
               %标题
The control sequence marked <to be read again> should
not appear between \csname and \endcsname.

/Users/happys/Desktop/project/AI/AI_project_of_CS/paper/paper.tex:20: Missing \endcsname inserted.
<to be read again> 
                   \relax 
l.20 \maketitle
               %标题
The control sequence marked <to be read again> should
not appear between \csname and \endcsname.

/Users/happys/Desktop/project/AI/AI_project_of_CS/paper/paper.tex:20: Missing \endcsname inserted.
<to be read again> 
                   \relax 
l.20 \maketitle
               %标题
The control sequence marked <to be read again> should
not appear between \csname and \endcsname.

/Users/happys/Desktop/project/AI/AI_project_of_CS/paper/paper.tex:20: Missing \endcsname inserted.
<to be read again> 
                   \relax 
l.20 \maketitle
               %标题
The control sequence marked <to be read again> should
not appear between \csname and \endcsname.

/Users/happys/Desktop/project/AI/AI_project_of_CS/paper/paper.tex:20: Missing \endcsname inserted.
<to be read again> 
                   \relax 
l.20 \maketitle
               %标题
The control sequence marked <to be read again> should
not appear between \csname and \endcsname.

/Users/happys/Desktop/project/AI/AI_project_of_CS/paper/paper.tex:20: Missing \endcsname inserted.
<to be read again> 
                   \relax 
l.20 \maketitle
               %标题
The control sequence marked <to be read again> should
not appear between \csname and \endcsname.

/Users/happys/Desktop/project/AI/AI_project_of_CS/paper/paper.tex:20: Missing \endcsname inserted.
<to be read again> 
                   \relax 
l.20 \maketitle
               %标题
The control sequence marked <to be read again> should
not appear between \csname and \endcsname.

/Users/happys/Desktop/project/AI/AI_project_of_CS/paper/paper.tex:20: Missing \endcsname inserted.
<to be read again> 
                   \relax 
l.20 \maketitle
               %标题
The control sequence marked <to be read again> should
not appear between \csname and \endcsname.

/Users/happys/Desktop/project/AI/AI_project_of_CS/paper/paper.tex:20: Missing \endcsname inserted.
<to be read again> 
                   \relax 
l.20 \maketitle
               %标题
The control sequence marked <to be read again> should
not appear between \csname and \endcsname.

/Users/happys/Desktop/project/AI/AI_project_of_CS/paper/paper.tex:20: Missing \endcsname inserted.
<to be read again> 
                   \relax 
l.20 \maketitle
               %标题
The control sequence marked <to be read again> should
not appear between \csname and \endcsname.

/Users/happys/Desktop/project/AI/AI_project_of_CS/paper/paper.tex:20: Missing \endcsname inserted.
<to be read again> 
                   \relax 
l.20 \maketitle
               %标题
The control sequence marked <to be read again> should
not appear between \csname and \endcsname.

/Users/happys/Desktop/project/AI/AI_project_of_CS/paper/paper.tex:20: Missing \endcsname inserted.
<to be read again> 
                   \relax 
l.20 \maketitle
               %标题
The control sequence marked <to be read again> should
not appear between \csname and \endcsname.

/Users/happys/Desktop/project/AI/AI_project_of_CS/paper/paper.tex:20: Missing \endcsname inserted.
<to be read again> 
                   \relax 
l.20 \maketitle
               %标题
The control sequence marked <to be read again> should
not appear between \csname and \endcsname.

/Users/happys/Desktop/project/AI/AI_project_of_CS/paper/paper.tex:20: Missing \endcsname inserted.
<to be read again> 
                   \relax 
l.20 \maketitle
               %标题
The control sequence marked <to be read again> should
not appear between \csname and \endcsname.

/Users/happys/Desktop/project/AI/AI_project_of_CS/paper/paper.tex:20: Missing \endcsname inserted.
<to be read again> 
                   \relax 
l.20 \maketitle
               %标题
The control sequence marked <to be read again> should
not appear between \csname and \endcsname.

/Users/happys/Desktop/project/AI/AI_project_of_CS/paper/paper.tex:20: Missing \endcsname inserted.
<to be read again> 
                   \relax 
l.20 \maketitle
               %标题
The control sequence marked <to be read again> should
not appear between \csname and \endcsname.

/Users/happys/Desktop/project/AI/AI_project_of_CS/paper/paper.tex:20: Missing \endcsname inserted.
<to be read again> 
                   \relax 
l.20 \maketitle
               %标题
The control sequence marked <to be read again> should
not appear between \csname and \endcsname.

/Users/happys/Desktop/project/AI/AI_project_of_CS/paper/paper.tex:20: Missing \endcsname inserted.
<to be read again> 
                   \relax 
l.20 \maketitle
               %标题
The control sequence marked <to be read again> should
not appear between \csname and \endcsname.

/Users/happys/Desktop/project/AI/AI_project_of_CS/paper/paper.tex:20: Missing \endcsname inserted.
<to be read again> 
                   \relax 
l.20 \maketitle
               %标题
The control sequence marked <to be read again> should
not appear between \csname and \endcsname.

/Users/happys/Desktop/project/AI/AI_project_of_CS/paper/paper.tex:20: Missing \endcsname inserted.
<to be read again> 
                   \relax 
l.20 \maketitle
               %标题
The control sequence marked <to be read again> should
not appear between \csname and \endcsname.

/Users/happys/Desktop/project/AI/AI_project_of_CS/paper/paper.tex:20: Missing \endcsname inserted.
<to be read again> 
                   \relax 
l.20 \maketitle
               %标题
The control sequence marked <to be read again> should
not appear between \csname and \endcsname.

/Users/happys/Desktop/project/AI/AI_project_of_CS/paper/paper.tex:20: Missing \endcsname inserted.
<to be read again> 
                   \relax 
l.20 \maketitle
               %标题
The control sequence marked <to be read again> should
not appear between \csname and \endcsname.

/Users/happys/Desktop/project/AI/AI_project_of_CS/paper/paper.tex:20: Missing \endcsname inserted.
<to be read again> 
                   \relax 
l.20 \maketitle
               %标题
The control sequence marked <to be read again> should
not appear between \csname and \endcsname.

/Users/happys/Desktop/project/AI/AI_project_of_CS/paper/paper.tex:20: Missing \endcsname inserted.
<to be read again> 
                   \relax 
l.20 \maketitle
               %标题
The control sequence marked <to be read again> should
not appear between \csname and \endcsname.

/Users/happys/Desktop/project/AI/AI_project_of_CS/paper/paper.tex:20: Missing \endcsname inserted.
<to be read again> 
                   \relax 
l.20 \maketitle
               %标题
The control sequence marked <to be read again> should
not appear between \csname and \endcsname.

/Users/happys/Desktop/project/AI/AI_project_of_CS/paper/paper.tex:20: Missing \endcsname inserted.
<to be read again> 
                   \relax 
l.20 \maketitle
               %标题
The control sequence marked <to be read again> should
not appear between \csname and \endcsname.

/Users/happys/Desktop/project/AI/AI_project_of_CS/paper/paper.tex:20: Missing \endcsname inserted.
<to be read again> 
                   \relax 
l.20 \maketitle
               %标题
The control sequence marked <to be read again> should
not appear between \csname and \endcsname.

/Users/happys/Desktop/project/AI/AI_project_of_CS/paper/paper.tex:20: Missing \endcsname inserted.
<to be read again> 
                   \relax 
l.20 \maketitle
               %标题
The control sequence marked <to be read again> should
not appear between \csname and \endcsname.

/Users/happys/Desktop/project/AI/AI_project_of_CS/paper/paper.tex:20: Missing \endcsname inserted.
<to be read again> 
                   \relax 
l.20 \maketitle
               %标题
The control sequence marked <to be read again> should
not appear between \csname and \endcsname.

/Users/happys/Desktop/project/AI/AI_project_of_CS/paper/paper.tex:20: Missing \endcsname inserted.
<to be read again> 
                   \relax 
l.20 \maketitle
               %标题
The control sequence marked <to be read again> should
not appear between \csname and \endcsname.

/Users/happys/Desktop/project/AI/AI_project_of_CS/paper/paper.tex:20: Missing \endcsname inserted.
<to be read again> 
                   \relax 
l.20 \maketitle
               %标题
The control sequence marked <to be read again> should
not appear between \csname and \endcsname.

/Users/happys/Desktop/project/AI/AI_project_of_CS/paper/paper.tex:20: Missing \endcsname inserted.
<to be read again> 
                   \relax 
l.20 \maketitle
               %标题
The control sequence marked <to be read again> should
not appear between \csname and \endcsname.

/Users/happys/Desktop/project/AI/AI_project_of_CS/paper/paper.tex:20: Missing \endcsname inserted.
<to be read again> 
                   \relax 
l.20 \maketitle
               %标题
The control sequence marked <to be read again> should
not appear between \csname and \endcsname.

/Users/happys/Desktop/project/AI/AI_project_of_CS/paper/paper.tex:20: Missing \endcsname inserted.
<to be read again> 
                   \relax 
l.20 \maketitle
               %标题
The control sequence marked <to be read again> should
not appear between \csname and \endcsname.

/Users/happys/Desktop/project/AI/AI_project_of_CS/paper/paper.tex:20: Missing \endcsname inserted.
<to be read again> 
                   \relax 
l.20 \maketitle
               %标题
The control sequence marked <to be read again> should
not appear between \csname and \endcsname.

/Users/happys/Desktop/project/AI/AI_project_of_CS/paper/paper.tex:20: Missing \endcsname inserted.
<to be read again> 
                   \relax 
l.20 \maketitle
               %标题
The control sequence marked <to be read again> should
not appear between \csname and \endcsname.

/Users/happys/Desktop/project/AI/AI_project_of_CS/paper/paper.tex:20: Missing \endcsname inserted.
<to be read again> 
                   \relax 
l.20 \maketitle
               %标题
The control sequence marked <to be read again> should
not appear between \csname and \endcsname.

/Users/happys/Desktop/project/AI/AI_project_of_CS/paper/paper.tex:20: Missing \endcsname inserted.
<to be read again> 
                   \relax 
l.20 \maketitle
               %标题
The control sequence marked <to be read again> should
not appear between \csname and \endcsname.

/Users/happys/Desktop/project/AI/AI_project_of_CS/paper/paper.tex:20: Missing \endcsname inserted.
<to be read again> 
                   \relax 
l.20 \maketitle
               %标题
The control sequence marked <to be read again> should
not appear between \csname and \endcsname.

/Users/happys/Desktop/project/AI/AI_project_of_CS/paper/paper.tex:20: Missing \endcsname inserted.
<to be read again> 
                   \relax 
l.20 \maketitle
               %标题
The control sequence marked <to be read again> should
not appear between \csname and \endcsname.

/Users/happys/Desktop/project/AI/AI_project_of_CS/paper/paper.tex:20: Missing \endcsname inserted.
<to be read again> 
                   \relax 
l.20 \maketitle
               %标题
The control sequence marked <to be read again> should
not appear between \csname and \endcsname.

/Users/happys/Desktop/project/AI/AI_project_of_CS/paper/paper.tex:20: Missing \endcsname inserted.
<to be read again> 
                   \relax 
l.20 \maketitle
               %标题
The control sequence marked <to be read again> should
not appear between \csname and \endcsname.

/Users/happys/Desktop/project/AI/AI_project_of_CS/paper/paper.tex:20: Missing \endcsname inserted.
<to be read again> 
                   \relax 
l.20 \maketitle
               %标题
The control sequence marked <to be read again> should
not appear between \csname and \endcsname.

/Users/happys/Desktop/project/AI/AI_project_of_CS/paper/paper.tex:20: Missing \endcsname inserted.
<to be read again> 
                   \relax 
l.20 \maketitle
               %标题
The control sequence marked <to be read again> should
not appear between \csname and \endcsname.

/Users/happys/Desktop/project/AI/AI_project_of_CS/paper/paper.tex:20: Missing \endcsname inserted.
<to be read again> 
                   \relax 
l.20 \maketitle
               %标题
The control sequence marked <to be read again> should
not appear between \csname and \endcsname.

/Users/happys/Desktop/project/AI/AI_project_of_CS/paper/paper.tex:20: Missing \endcsname inserted.
<to be read again> 
                   \relax 
l.20 \maketitle
               %标题
The control sequence marked <to be read again> should
not appear between \csname and \endcsname.

/Users/happys/Desktop/project/AI/AI_project_of_CS/paper/paper.tex:20: Missing \endcsname inserted.
<to be read again> 
                   \relax 
l.20 \maketitle
               %标题
The control sequence marked <to be read again> should
not appear between \csname and \endcsname.

/Users/happys/Desktop/project/AI/AI_project_of_CS/paper/paper.tex:20: Missing \endcsname inserted.
<to be read again> 
                   \relax 
l.20 \maketitle
               %标题
The control sequence marked <to be read again> should
not appear between \csname and \endcsname.

/Users/happys/Desktop/project/AI/AI_project_of_CS/paper/paper.tex:20: Missing \endcsname inserted.
<to be read again> 
                   \relax 
l.20 \maketitle
               %标题
The control sequence marked <to be read again> should
not appear between \csname and \endcsname.

/Users/happys/Desktop/project/AI/AI_project_of_CS/paper/paper.tex:20: Missing \endcsname inserted.
<to be read again> 
                   \relax 
l.20 \maketitle
               %标题
The control sequence marked <to be read again> should
not appear between \csname and \endcsname.

/Users/happys/Desktop/project/AI/AI_project_of_CS/paper/paper.tex:20: Missing \endcsname inserted.
<to be read again> 
                   \relax 
l.20 \maketitle
               %标题
The control sequence marked <to be read again> should
not appear between \csname and \endcsname.

/Users/happys/Desktop/project/AI/AI_project_of_CS/paper/paper.tex:20: Missing \endcsname inserted.
<to be read again> 
                   \relax 
l.20 \maketitle
               %标题
The control sequence marked <to be read again> should
not appear between \csname and \endcsname.

/Users/happys/Desktop/project/AI/AI_project_of_CS/paper/paper.tex:20: Missing \endcsname inserted.
<to be read again> 
                   \relax 
l.20 \maketitle
               %标题
The control sequence marked <to be read again> should
not appear between \csname and \endcsname.

/Users/happys/Desktop/project/AI/AI_project_of_CS/paper/paper.tex:20: Missing \endcsname inserted.
<to be read again> 
                   \relax 
l.20 \maketitle
               %标题
The control sequence marked <to be read again> should
not appear between \csname and \endcsname.

/Users/happys/Desktop/project/AI/AI_project_of_CS/paper/paper.tex:20: Missing \endcsname inserted.
<to be read again> 
                   \relax 
l.20 \maketitle
               %标题
The control sequence marked <to be read again> should
not appear between \csname and \endcsname.

/Users/happys/Desktop/project/AI/AI_project_of_CS/paper/paper.tex:20: Missing \endcsname inserted.
<to be read again> 
                   \relax 
l.20 \maketitle
               %标题
The control sequence marked <to be read again> should
not appear between \csname and \endcsname.

/Users/happys/Desktop/project/AI/AI_project_of_CS/paper/paper.tex:20: Missing \endcsname inserted.
<to be read again> 
                   \relax 
l.20 \maketitle
               %标题
The control sequence marked <to be read again> should
not appear between \csname and \endcsname.

/Users/happys/Desktop/project/AI/AI_project_of_CS/paper/paper.tex:20: Missing \endcsname inserted.
<to be read again> 
                   \relax 
l.20 \maketitle
               %标题
The control sequence marked <to be read again> should
not appear between \csname and \endcsname.

/Users/happys/Desktop/project/AI/AI_project_of_CS/paper/paper.tex:20: Missing \endcsname inserted.
<to be read again> 
                   \relax 
l.20 \maketitle
               %标题
The control sequence marked <to be read again> should
not appear between \csname and \endcsname.

/Users/happys/Desktop/project/AI/AI_project_of_CS/paper/paper.tex:20: Missing \endcsname inserted.
<to be read again> 
                   \relax 
l.20 \maketitle
               %标题
The control sequence marked <to be read again> should
not appear between \csname and \endcsname.

/Users/happys/Desktop/project/AI/AI_project_of_CS/paper/paper.tex:20: Missing \endcsname inserted.
<to be read again> 
                   \relax 
l.20 \maketitle
               %标题
The control sequence marked <to be read again> should
not appear between \csname and \endcsname.

/Users/happys/Desktop/project/AI/AI_project_of_CS/paper/paper.tex:20: Missing \endcsname inserted.
<to be read again> 
                   \relax 
l.20 \maketitle
               %标题
The control sequence marked <to be read again> should
not appear between \csname and \endcsname.

/Users/happys/Desktop/project/AI/AI_project_of_CS/paper/paper.tex:20: Missing \endcsname inserted.
<to be read again> 
                   \relax 
l.20 \maketitle
               %标题
The control sequence marked <to be read again> should
not appear between \csname and \endcsname.

/Users/happys/Desktop/project/AI/AI_project_of_CS/paper/paper.tex:20: Missing \endcsname inserted.
<to be read again> 
                   \relax 
l.20 \maketitle
               %标题
The control sequence marked <to be read again> should
not appear between \csname and \endcsname.

/Users/happys/Desktop/project/AI/AI_project_of_CS/paper/paper.tex:20: Missing \endcsname inserted.
<to be read again> 
                   \relax 
l.20 \maketitle
               %标题
The control sequence marked <to be read again> should
not appear between \csname and \endcsname.

/Users/happys/Desktop/project/AI/AI_project_of_CS/paper/paper.tex:20: Missing \endcsname inserted.
<to be read again> 
                   \relax 
l.20 \maketitle
               %标题
The control sequence marked <to be read again> should
not appear between \csname and \endcsname.

/Users/happys/Desktop/project/AI/AI_project_of_CS/paper/paper.tex:20: Missing \endcsname inserted.
<to be read again> 
                   \relax 
l.20 \maketitle
               %标题
The control sequence marked <to be read again> should
not appear between \csname and \endcsname.

/Users/happys/Desktop/project/AI/AI_project_of_CS/paper/paper.tex:20: Missing \endcsname inserted.
<to be read again> 
                   \relax 
l.20 \maketitle
               %标题
The control sequence marked <to be read again> should
not appear between \csname and \endcsname.

/Users/happys/Desktop/project/AI/AI_project_of_CS/paper/paper.tex:20: Missing \endcsname inserted.
<to be read again> 
                   \relax 
l.20 \maketitle
               %标题
(That makes 100 errors; please try again.) 
Here is how much of TeX's memory you used:
 5986 strings out of 480608
 105241 string characters out of 5903630
 346903 words of memory out of 5000000
 21676 multiletter control sequences out of 15000+600000
 544371 words of font info for 68 fonts, out of 8000000 for 9000
 1141 hyphenation exceptions out of 8191
 97i,7n,94p,550b,486s stack positions out of 5000i,500n,10000p,200000b,80000s

/Users/happys/Desktop/project/AI/AI_project_of_CS/paper/paper.tex:20:  ==> Fatal error occurred, no output PDF file produced!
